<?xml version="1.0" encoding="utf-8"?><testsuites name="pytest tests"><testsuite name="pytest" errors="0" failures="0" skipped="0" tests="10" time="9.951" timestamp="2025-08-27T16:26:16.884345-07:00" hostname="TheBeast.local"><testcase classname="tests.test_readme_instructions.TestReadmeInstructions" name="test_validation_script_exists" time="0.000" /><testcase classname="tests.test_readme_instructions.TestReadmeInstructions" name="test_env_example_exists" time="0.000" /><testcase classname="tests.test_readme_instructions.TestReadmeInstructions" name="test_project_structure_validation" time="0.007" /><testcase classname="tests.test_readme_instructions.TestReadmeInstructions" name="test_environment_setup_validation" time="0.004" /><testcase classname="tests.test_readme_instructions.TestReadmeInstructions" name="test_python_validation_command" time="0.062" /><testcase classname="tests.test_readme_instructions.TestReadmeInstructions" name="test_import_validation_command" time="0.729" /><testcase classname="tests.test_readme_instructions.TestReadmeInstructions" name="test_validation_script_execution" time="9.025" /><testcase classname="tests.test_readme_instructions.TestReadmeInstructions" name="test_make_app_command_available" time="0.095" /><testcase classname="tests.test_readme_instructions.TestReadmeInstructions" name="test_common_issues_commands_valid" time="0.005" /><testcase classname="tests.test_readme_instructions.TestReadmeInstructions" name="test_readme_validation_consistency" time="0.000" /></testsuite></testsuites>